last id: 627742
last id: 627742
last id: 627742
last id: 627742
error: 627743
last id: 627756
skip: 627757
last id: 627743
last id: 627757
skip: 627758
last id: 627758
error: 627762
skip: 627763
last id: 627763
skip: 627765
last id: 627765
skip: 628074
last id: 628074
skip: 628191
last id: 628191
17.09.2021
last id: 628192
17.09.2021 20:54:05
last id: 628193
17.09.2021 20:54:36
last id: 628193
skip: 628193
17.09.2021 20:55:30
last id: 628193
skip: 628196
20.09.2021 00:05:56
last id: 628195
error: 629396
20.09.2021 00:13:49
last id: 629414
end: 629417
20.09.2021 00:14:57
last id: 629416
end: 629418
20.09.2021 00:14:59
22.09.2021 20:54:01
last id: 629417
error: 629429
error: 629432
error: 629437
error: 629440
error: 629450
error: 629456
error: 629466
error: 629469
error: 629484
